Starting SellApplication on DESKTOP-PLABHO1 with PID 1972 (D:\Javacode\sell\target\classes started by g7 in D:\Javacode\sell)
No active profile set, falling back to default profiles: default
Refreshing org.springframework.boot.context.embedded.AnnotationConfigEmbeddedWebApplicationContext@397fbdb: startup date [Tue Aug 11 20:06:25 PDT 2020]; root of context hierarchy
HV000001: Hibernate Validator 5.3.5.Final
JSR-330 'javax.inject.Inject' annotation found and supported for autowiring
Tomcat initialized with port(s): 8080 (http)
Starting service Tomcat
Starting Servlet Engine: Apache Tomcat/8.5.14
Initializing Spring embedded WebApplicationContext
Root WebApplicationContext: initialization completed in 1741 ms
Mapping servlet: 'dispatcherServlet' to [/]
Mapping filter: 'characterEncodingFilter' to: [/*]
Mapping filter: 'hiddenHttpMethodFilter' to: [/*]
Mapping filter: 'httpPutFormContentFilter' to: [/*]
Mapping filter: 'requestContextFilter' to: [/*]
Building JPA container EntityManagerFactory for persistence unit 'default'
HHH000204: Processing PersistenceUnitInfo [
	name: default
	...]
HHH000412: Hibernate Core {5.0.12.Final}
HHH000206: hibernate.properties not found
HHH000021: Bytecode provider name : javassist
HCANN000001: Hibernate Commons Annotations {5.0.1.Final}
HHH000400: Using dialect: org.hibernate.dialect.MySQL5Dialect
Initialized JPA EntityManagerFactory for persistence unit 'default'
Looking for @ControllerAdvice: org.springframework.boot.context.embedded.AnnotationConfigEmbeddedWebApplicationContext@397fbdb: startup date [Tue Aug 11 20:06:25 PDT 2020]; root of context hierarchy
Mapped "{[/buyer/order/create],methods=[POST]}" onto public com.wechatorder.sell.VO.ResultVO<java.util.Map<java.lang.String, java.lang.String>> com.wechatorder.sell.controller.BuyerOrderController.create(com.wechatorder.sell.form.OrderForm,org.springframework.validation.BindingResult)
Mapped "{[/buyer/order/list],methods=[POST]}" onto public com.wechatorder.sell.VO.ResultVO<java.util.List<com.wechatorder.sell.dto.OrderDTO>> com.wechatorder.sell.controller.BuyerOrderController.list(java.lang.String,java.lang.Integer,java.lang.Integer)
Mapped "{[/buyer/order/cancel],methods=[POST]}" onto public com.wechatorder.sell.VO.ResultVO<com.wechatorder.sell.dto.OrderDTO> com.wechatorder.sell.controller.BuyerOrderController.cancel(java.lang.String,java.lang.String)
Mapped "{[/buyer/order/detail],methods=[POST]}" onto public com.wechatorder.sell.VO.ResultVO<com.wechatorder.sell.dto.OrderDTO> com.wechatorder.sell.controller.BuyerOrderController.detail(java.lang.String,java.lang.String)
Mapped "{[/buyer/product/list],methods=[GET]}" onto public com.wechatorder.sell.VO.ResultVO com.wechatorder.sell.controller.BuyerProductController.list()
Mapped "{[/pay/create],methods=[GET]}" onto public void com.wechatorder.sell.controller.PayController.create(java.lang.String,java.lang.String)
Mapped "{[/wechat/userInfo],methods=[GET]}" onto public java.lang.String com.wechatorder.sell.controller.WeChatController.userInfo(java.lang.String,java.lang.String)
Mapped "{[/wechat/authorize],methods=[GET]}" onto public java.lang.String com.wechatorder.sell.controller.WeChatController.authorize(java.lang.String)
Mapped "{[/weixin/auth],methods=[GET]}" onto public void com.wechatorder.sell.controller.WeixinController.auth(java.lang.String)
Mapped "{[/error]}" onto public org.springframework.http.ResponseEntity<java.util.Map<java.lang.String, java.lang.Object>> org.springframework.boot.autoconfigure.web.BasicErrorController.error(javax.servlet.http.HttpServletRequest)
Mapped "{[/error],produces=[text/html]}" onto public org.springframework.web.servlet.ModelAndView org.springframework.boot.autoconfigure.web.BasicErrorController.errorHtml(javax.servlet.http.HttpServletRequest,javax.servlet.http.HttpServletResponse)
Mapped URL path [/webjars/**] onto handler of type [class org.springframework.web.servlet.resource.ResourceHttpRequestHandler]
Mapped URL path [/**] onto handler of type [class org.springframework.web.servlet.resource.ResourceHttpRequestHandler]
Mapped URL path [/**/favicon.ico] onto handler of type [class org.springframework.web.servlet.resource.ResourceHttpRequestHandler]
Registering beans for JMX exposure on startup
Initializing ProtocolHandler ["http-nio-8080"]
Starting ProtocolHandler ["http-nio-8080"]
Using a shared selector for servlet write/read
Tomcat started on port(s): 8080 (http)
Started SellApplication in 4.829 seconds (JVM running for 6.154)
Initializing Spring FrameworkServlet 'dispatcherServlet'
FrameworkServlet 'dispatcherServlet': initialization started
FrameworkServlet 'dispatcherServlet': initialization completed in 18 ms
Starting PayServiceImplTest on DESKTOP-PLABHO1 with PID 21512 (started by g7 in D:\Javacode\sell)
No active profile set, falling back to default profiles: default
Refreshing org.springframework.web.context.support.GenericWebApplicationContext@57bc27f5: startup date [Tue Aug 11 20:11:57 PDT 2020]; root of context hierarchy
HV000001: Hibernate Validator 5.3.5.Final
JSR-330 'javax.inject.Inject' annotation found and supported for autowiring
Building JPA container EntityManagerFactory for persistence unit 'default'
HHH000204: Processing PersistenceUnitInfo [
	name: default
	...]
HHH000412: Hibernate Core {5.0.12.Final}
HHH000206: hibernate.properties not found
HHH000021: Bytecode provider name : javassist
HCANN000001: Hibernate Commons Annotations {5.0.1.Final}
HHH000400: Using dialect: org.hibernate.dialect.MySQL5Dialect
Initialized JPA EntityManagerFactory for persistence unit 'default'
Looking for @ControllerAdvice: org.springframework.web.context.support.GenericWebApplicationContext@57bc27f5: startup date [Tue Aug 11 20:11:57 PDT 2020]; root of context hierarchy
Mapped "{[/buyer/order/create],methods=[POST]}" onto public com.wechatorder.sell.VO.ResultVO<java.util.Map<java.lang.String, java.lang.String>> com.wechatorder.sell.controller.BuyerOrderController.create(com.wechatorder.sell.form.OrderForm,org.springframework.validation.BindingResult)
Mapped "{[/buyer/order/list],methods=[POST]}" onto public com.wechatorder.sell.VO.ResultVO<java.util.List<com.wechatorder.sell.dto.OrderDTO>> com.wechatorder.sell.controller.BuyerOrderController.list(java.lang.String,java.lang.Integer,java.lang.Integer)
Mapped "{[/buyer/order/cancel],methods=[POST]}" onto public com.wechatorder.sell.VO.ResultVO<com.wechatorder.sell.dto.OrderDTO> com.wechatorder.sell.controller.BuyerOrderController.cancel(java.lang.String,java.lang.String)
Mapped "{[/buyer/order/detail],methods=[POST]}" onto public com.wechatorder.sell.VO.ResultVO<com.wechatorder.sell.dto.OrderDTO> com.wechatorder.sell.controller.BuyerOrderController.detail(java.lang.String,java.lang.String)
Mapped "{[/buyer/product/list],methods=[GET]}" onto public com.wechatorder.sell.VO.ResultVO com.wechatorder.sell.controller.BuyerProductController.list()
Mapped "{[/pay/create],methods=[GET]}" onto public void com.wechatorder.sell.controller.PayController.create(java.lang.String,java.lang.String)
Mapped "{[/wechat/userInfo],methods=[GET]}" onto public java.lang.String com.wechatorder.sell.controller.WeChatController.userInfo(java.lang.String,java.lang.String)
Mapped "{[/wechat/authorize],methods=[GET]}" onto public java.lang.String com.wechatorder.sell.controller.WeChatController.authorize(java.lang.String)
Mapped "{[/weixin/auth],methods=[GET]}" onto public void com.wechatorder.sell.controller.WeixinController.auth(java.lang.String)
Mapped "{[/error]}" onto public org.springframework.http.ResponseEntity<java.util.Map<java.lang.String, java.lang.Object>> org.springframework.boot.autoconfigure.web.BasicErrorController.error(javax.servlet.http.HttpServletRequest)
Mapped "{[/error],produces=[text/html]}" onto public org.springframework.web.servlet.ModelAndView org.springframework.boot.autoconfigure.web.BasicErrorController.errorHtml(javax.servlet.http.HttpServletRequest,javax.servlet.http.HttpServletResponse)
Mapped URL path [/webjars/**] onto handler of type [class org.springframework.web.servlet.resource.ResourceHttpRequestHandler]
Mapped URL path [/**] onto handler of type [class org.springframework.web.servlet.resource.ResourceHttpRequestHandler]
Mapped URL path [/**/favicon.ico] onto handler of type [class org.springframework.web.servlet.resource.ResourceHttpRequestHandler]
Started PayServiceImplTest in 5.265 seconds (JVM running for 6.259)
HHH000397: Using ASTQueryTranslatorFactory
【微信支付】 request={
  "payTypeEnum": "WXPAY_H5",
  "orderId": "1595974724949502180",
  "orderAmount": 3.2,
  "orderName": "微信点餐订单",
  "openid": "oTgZpwd99SD0UmPZN16o0FEeu3L0"
}
【微信支付response】={
  "appId": "wxd898fcb01713c658",
  "timeStamp": "1597201926",
  "nonceStr": "ryDTX2U51FCa6Myu",
  "packAge": "prepay_id\u003dwx12111207442553ceff9da358ccc3ee0000",
  "signType": "MD5",
  "paySign": "C311328A46C84082499674D18D1DC0DA"
}
Closing org.springframework.web.context.support.GenericWebApplicationContext@57bc27f5: startup date [Tue Aug 11 20:11:57 PDT 2020]; root of context hierarchy
Closing JPA EntityManagerFactory for persistence unit 'default'
Starting SellApplication on DESKTOP-PLABHO1 with PID 14680 (D:\Javacode\sell\target\classes started by g7 in D:\Javacode\sell)
No active profile set, falling back to default profiles: default
Refreshing org.springframework.boot.context.embedded.AnnotationConfigEmbeddedWebApplicationContext@3590fc5b: startup date [Tue Aug 11 20:14:18 PDT 2020]; root of context hierarchy
HV000001: Hibernate Validator 5.3.5.Final
JSR-330 'javax.inject.Inject' annotation found and supported for autowiring
Tomcat initialized with port(s): 8080 (http)
Starting service Tomcat
Starting Servlet Engine: Apache Tomcat/8.5.14
Initializing Spring embedded WebApplicationContext
Root WebApplicationContext: initialization completed in 1033 ms
Mapping servlet: 'dispatcherServlet' to [/]
Mapping filter: 'characterEncodingFilter' to: [/*]
Mapping filter: 'hiddenHttpMethodFilter' to: [/*]
Mapping filter: 'httpPutFormContentFilter' to: [/*]
Mapping filter: 'requestContextFilter' to: [/*]
Building JPA container EntityManagerFactory for persistence unit 'default'
HHH000204: Processing PersistenceUnitInfo [
	name: default
	...]
HHH000412: Hibernate Core {5.0.12.Final}
HHH000206: hibernate.properties not found
HHH000021: Bytecode provider name : javassist
HCANN000001: Hibernate Commons Annotations {5.0.1.Final}
HHH000400: Using dialect: org.hibernate.dialect.MySQL5Dialect
Initialized JPA EntityManagerFactory for persistence unit 'default'
Looking for @ControllerAdvice: org.springframework.boot.context.embedded.AnnotationConfigEmbeddedWebApplicationContext@3590fc5b: startup date [Tue Aug 11 20:14:18 PDT 2020]; root of context hierarchy
Mapped "{[/buyer/order/create],methods=[POST]}" onto public com.wechatorder.sell.VO.ResultVO<java.util.Map<java.lang.String, java.lang.String>> com.wechatorder.sell.controller.BuyerOrderController.create(com.wechatorder.sell.form.OrderForm,org.springframework.validation.BindingResult)
Mapped "{[/buyer/order/list],methods=[POST]}" onto public com.wechatorder.sell.VO.ResultVO<java.util.List<com.wechatorder.sell.dto.OrderDTO>> com.wechatorder.sell.controller.BuyerOrderController.list(java.lang.String,java.lang.Integer,java.lang.Integer)
Mapped "{[/buyer/order/cancel],methods=[POST]}" onto public com.wechatorder.sell.VO.ResultVO<com.wechatorder.sell.dto.OrderDTO> com.wechatorder.sell.controller.BuyerOrderController.cancel(java.lang.String,java.lang.String)
Mapped "{[/buyer/order/detail],methods=[POST]}" onto public com.wechatorder.sell.VO.ResultVO<com.wechatorder.sell.dto.OrderDTO> com.wechatorder.sell.controller.BuyerOrderController.detail(java.lang.String,java.lang.String)
Mapped "{[/buyer/product/list],methods=[GET]}" onto public com.wechatorder.sell.VO.ResultVO com.wechatorder.sell.controller.BuyerProductController.list()
Mapped "{[/pay/create],methods=[GET]}" onto public void com.wechatorder.sell.controller.PayController.create(java.lang.String,java.lang.String)
Mapped "{[/wechat/userInfo],methods=[GET]}" onto public java.lang.String com.wechatorder.sell.controller.WeChatController.userInfo(java.lang.String,java.lang.String)
Mapped "{[/wechat/authorize],methods=[GET]}" onto public java.lang.String com.wechatorder.sell.controller.WeChatController.authorize(java.lang.String)
Mapped "{[/weixin/auth],methods=[GET]}" onto public void com.wechatorder.sell.controller.WeixinController.auth(java.lang.String)
Mapped "{[/error]}" onto public org.springframework.http.ResponseEntity<java.util.Map<java.lang.String, java.lang.Object>> org.springframework.boot.autoconfigure.web.BasicErrorController.error(javax.servlet.http.HttpServletRequest)
Mapped "{[/error],produces=[text/html]}" onto public org.springframework.web.servlet.ModelAndView org.springframework.boot.autoconfigure.web.BasicErrorController.errorHtml(javax.servlet.http.HttpServletRequest,javax.servlet.http.HttpServletResponse)
Mapped URL path [/webjars/**] onto handler of type [class org.springframework.web.servlet.resource.ResourceHttpRequestHandler]
Mapped URL path [/**] onto handler of type [class org.springframework.web.servlet.resource.ResourceHttpRequestHandler]
Mapped URL path [/**/favicon.ico] onto handler of type [class org.springframework.web.servlet.resource.ResourceHttpRequestHandler]
Registering beans for JMX exposure on startup
Initializing ProtocolHandler ["http-nio-8080"]
Starting ProtocolHandler ["http-nio-8080"]
Using a shared selector for servlet write/read
Tomcat started on port(s): 8080 (http)
Started SellApplication in 3.64 seconds (JVM running for 4.643)
Initializing Spring FrameworkServlet 'dispatcherServlet'
FrameworkServlet 'dispatcherServlet': initialization started
FrameworkServlet 'dispatcherServlet': initialization completed in 17 ms
Starting SellApplication on DESKTOP-PLABHO1 with PID 18496 (D:\Javacode\sell\target\classes started by g7 in D:\Javacode\sell)
No active profile set, falling back to default profiles: default
Refreshing org.springframework.boot.context.embedded.AnnotationConfigEmbeddedWebApplicationContext@7d1cfb8b: startup date [Tue Aug 11 20:33:42 PDT 2020]; root of context hierarchy
HV000001: Hibernate Validator 5.3.5.Final
JSR-330 'javax.inject.Inject' annotation found and supported for autowiring
Tomcat initialized with port(s): 8080 (http)
Starting service Tomcat
Starting Servlet Engine: Apache Tomcat/8.5.14
Initializing Spring embedded WebApplicationContext
Root WebApplicationContext: initialization completed in 1794 ms
Mapping servlet: 'dispatcherServlet' to [/]
Mapping filter: 'characterEncodingFilter' to: [/*]
Mapping filter: 'hiddenHttpMethodFilter' to: [/*]
Mapping filter: 'httpPutFormContentFilter' to: [/*]
Mapping filter: 'requestContextFilter' to: [/*]
Building JPA container EntityManagerFactory for persistence unit 'default'
HHH000204: Processing PersistenceUnitInfo [
	name: default
	...]
HHH000412: Hibernate Core {5.0.12.Final}
HHH000206: hibernate.properties not found
HHH000021: Bytecode provider name : javassist
HCANN000001: Hibernate Commons Annotations {5.0.1.Final}
HHH000400: Using dialect: org.hibernate.dialect.MySQL5Dialect
Initialized JPA EntityManagerFactory for persistence unit 'default'
Looking for @ControllerAdvice: org.springframework.boot.context.embedded.AnnotationConfigEmbeddedWebApplicationContext@7d1cfb8b: startup date [Tue Aug 11 20:33:42 PDT 2020]; root of context hierarchy
Mapped "{[/buyer/order/create],methods=[POST]}" onto public com.wechatorder.sell.VO.ResultVO<java.util.Map<java.lang.String, java.lang.String>> com.wechatorder.sell.controller.BuyerOrderController.create(com.wechatorder.sell.form.OrderForm,org.springframework.validation.BindingResult)
Mapped "{[/buyer/order/list],methods=[POST]}" onto public com.wechatorder.sell.VO.ResultVO<java.util.List<com.wechatorder.sell.dto.OrderDTO>> com.wechatorder.sell.controller.BuyerOrderController.list(java.lang.String,java.lang.Integer,java.lang.Integer)
Mapped "{[/buyer/order/cancel],methods=[POST]}" onto public com.wechatorder.sell.VO.ResultVO<com.wechatorder.sell.dto.OrderDTO> com.wechatorder.sell.controller.BuyerOrderController.cancel(java.lang.String,java.lang.String)
Mapped "{[/buyer/order/detail],methods=[POST]}" onto public com.wechatorder.sell.VO.ResultVO<com.wechatorder.sell.dto.OrderDTO> com.wechatorder.sell.controller.BuyerOrderController.detail(java.lang.String,java.lang.String)
Mapped "{[/buyer/product/list],methods=[GET]}" onto public com.wechatorder.sell.VO.ResultVO com.wechatorder.sell.controller.BuyerProductController.list()
Mapped "{[/pay/create],methods=[GET]}" onto public void com.wechatorder.sell.controller.PayController.create(java.lang.String,java.lang.String)
Mapped "{[/wechat/userInfo],methods=[GET]}" onto public java.lang.String com.wechatorder.sell.controller.WeChatController.userInfo(java.lang.String,java.lang.String)
Mapped "{[/wechat/authorize],methods=[GET]}" onto public java.lang.String com.wechatorder.sell.controller.WeChatController.authorize(java.lang.String)
Mapped "{[/weixin/auth],methods=[GET]}" onto public void com.wechatorder.sell.controller.WeixinController.auth(java.lang.String)
Mapped "{[/error]}" onto public org.springframework.http.ResponseEntity<java.util.Map<java.lang.String, java.lang.Object>> org.springframework.boot.autoconfigure.web.BasicErrorController.error(javax.servlet.http.HttpServletRequest)
Mapped "{[/error],produces=[text/html]}" onto public org.springframework.web.servlet.ModelAndView org.springframework.boot.autoconfigure.web.BasicErrorController.errorHtml(javax.servlet.http.HttpServletRequest,javax.servlet.http.HttpServletResponse)
Mapped URL path [/webjars/**] onto handler of type [class org.springframework.web.servlet.resource.ResourceHttpRequestHandler]
Mapped URL path [/**] onto handler of type [class org.springframework.web.servlet.resource.ResourceHttpRequestHandler]
Mapped URL path [/**/favicon.ico] onto handler of type [class org.springframework.web.servlet.resource.ResourceHttpRequestHandler]
Registering beans for JMX exposure on startup
Initializing ProtocolHandler ["http-nio-8080"]
Starting ProtocolHandler ["http-nio-8080"]
Using a shared selector for servlet write/read
Tomcat started on port(s): 8080 (http)
Started SellApplication in 6.045 seconds (JVM running for 9.648)
Closing org.springframework.boot.context.embedded.AnnotationConfigEmbeddedWebApplicationContext@7d1cfb8b: startup date [Tue Aug 11 20:33:42 PDT 2020]; root of context hierarchy
Unregistering JMX-exposed beans on shutdown
Closing JPA EntityManagerFactory for persistence unit 'default'
Starting SellApplication on DESKTOP-PLABHO1 with PID 18912 (D:\Javacode\sell\target\classes started by g7 in D:\Javacode\sell)
No active profile set, falling back to default profiles: default
Refreshing org.springframework.boot.context.embedded.AnnotationConfigEmbeddedWebApplicationContext@1bb5a082: startup date [Tue Aug 11 20:34:26 PDT 2020]; root of context hierarchy
HV000001: Hibernate Validator 5.3.5.Final
JSR-330 'javax.inject.Inject' annotation found and supported for autowiring
Tomcat initialized with port(s): 8080 (http)
Starting service Tomcat
Starting Servlet Engine: Apache Tomcat/8.5.14
Initializing Spring embedded WebApplicationContext
Root WebApplicationContext: initialization completed in 1083 ms
Mapping servlet: 'dispatcherServlet' to [/]
Mapping filter: 'characterEncodingFilter' to: [/*]
Mapping filter: 'hiddenHttpMethodFilter' to: [/*]
Mapping filter: 'httpPutFormContentFilter' to: [/*]
Mapping filter: 'requestContextFilter' to: [/*]
Building JPA container EntityManagerFactory for persistence unit 'default'
HHH000204: Processing PersistenceUnitInfo [
	name: default
	...]
HHH000412: Hibernate Core {5.0.12.Final}
HHH000206: hibernate.properties not found
HHH000021: Bytecode provider name : javassist
HCANN000001: Hibernate Commons Annotations {5.0.1.Final}
HHH000400: Using dialect: org.hibernate.dialect.MySQL5Dialect
Starting OrderServiceImplTest on DESKTOP-PLABHO1 with PID 18836 (started by g7 in D:\Javacode\sell)
No active profile set, falling back to default profiles: default
Refreshing org.springframework.web.context.support.GenericWebApplicationContext@2dfaea86: startup date [Tue Aug 11 20:34:38 PDT 2020]; root of context hierarchy
HV000001: Hibernate Validator 5.3.5.Final
JSR-330 'javax.inject.Inject' annotation found and supported for autowiring
Building JPA container EntityManagerFactory for persistence unit 'default'
HHH000204: Processing PersistenceUnitInfo [
	name: default
	...]
HHH000412: Hibernate Core {5.0.12.Final}
HHH000206: hibernate.properties not found
HHH000021: Bytecode provider name : javassist
HCANN000001: Hibernate Commons Annotations {5.0.1.Final}
HHH000400: Using dialect: org.hibernate.dialect.MySQL5Dialect
Initialized JPA EntityManagerFactory for persistence unit 'default'
Looking for @ControllerAdvice: org.springframework.web.context.support.GenericWebApplicationContext@2dfaea86: startup date [Tue Aug 11 20:34:38 PDT 2020]; root of context hierarchy
Mapped "{[/buyer/order/create],methods=[POST]}" onto public com.wechatorder.sell.VO.ResultVO<java.util.Map<java.lang.String, java.lang.String>> com.wechatorder.sell.controller.BuyerOrderController.create(com.wechatorder.sell.form.OrderForm,org.springframework.validation.BindingResult)
Mapped "{[/buyer/order/list],methods=[POST]}" onto public com.wechatorder.sell.VO.ResultVO<java.util.List<com.wechatorder.sell.dto.OrderDTO>> com.wechatorder.sell.controller.BuyerOrderController.list(java.lang.String,java.lang.Integer,java.lang.Integer)
Mapped "{[/buyer/order/cancel],methods=[POST]}" onto public com.wechatorder.sell.VO.ResultVO<com.wechatorder.sell.dto.OrderDTO> com.wechatorder.sell.controller.BuyerOrderController.cancel(java.lang.String,java.lang.String)
Mapped "{[/buyer/order/detail],methods=[POST]}" onto public com.wechatorder.sell.VO.ResultVO<com.wechatorder.sell.dto.OrderDTO> com.wechatorder.sell.controller.BuyerOrderController.detail(java.lang.String,java.lang.String)
Mapped "{[/buyer/product/list],methods=[GET]}" onto public com.wechatorder.sell.VO.ResultVO com.wechatorder.sell.controller.BuyerProductController.list()
Mapped "{[/pay/create],methods=[GET]}" onto public void com.wechatorder.sell.controller.PayController.create(java.lang.String,java.lang.String)
Mapped "{[/wechat/userInfo],methods=[GET]}" onto public java.lang.String com.wechatorder.sell.controller.WeChatController.userInfo(java.lang.String,java.lang.String)
Mapped "{[/wechat/authorize],methods=[GET]}" onto public java.lang.String com.wechatorder.sell.controller.WeChatController.authorize(java.lang.String)
Mapped "{[/weixin/auth],methods=[GET]}" onto public void com.wechatorder.sell.controller.WeixinController.auth(java.lang.String)
Mapped "{[/error]}" onto public org.springframework.http.ResponseEntity<java.util.Map<java.lang.String, java.lang.Object>> org.springframework.boot.autoconfigure.web.BasicErrorController.error(javax.servlet.http.HttpServletRequest)
Mapped "{[/error],produces=[text/html]}" onto public org.springframework.web.servlet.ModelAndView org.springframework.boot.autoconfigure.web.BasicErrorController.errorHtml(javax.servlet.http.HttpServletRequest,javax.servlet.http.HttpServletResponse)
Mapped URL path [/webjars/**] onto handler of type [class org.springframework.web.servlet.resource.ResourceHttpRequestHandler]
Mapped URL path [/**] onto handler of type [class org.springframework.web.servlet.resource.ResourceHttpRequestHandler]
Mapped URL path [/**/favicon.ico] onto handler of type [class org.springframework.web.servlet.resource.ResourceHttpRequestHandler]
Started OrderServiceImplTest in 9.156 seconds (JVM running for 9.946)
HHH000397: Using ASTQueryTranslatorFactory
Closing org.springframework.web.context.support.GenericWebApplicationContext@2dfaea86: startup date [Tue Aug 11 20:34:38 PDT 2020]; root of context hierarchy
Closing JPA EntityManagerFactory for persistence unit 'default'
Starting SellApplication on DESKTOP-PLABHO1 with PID 21528 (D:\Javacode\sell\target\classes started by g7 in D:\Javacode\sell)
No active profile set, falling back to default profiles: default
Refreshing org.springframework.boot.context.embedded.AnnotationConfigEmbeddedWebApplicationContext@1bb5a082: startup date [Tue Aug 11 21:03:27 PDT 2020]; root of context hierarchy
HV000001: Hibernate Validator 5.3.5.Final
JSR-330 'javax.inject.Inject' annotation found and supported for autowiring
Tomcat initialized with port(s): 8080 (http)
Starting service Tomcat
Starting Servlet Engine: Apache Tomcat/8.5.14
Initializing Spring embedded WebApplicationContext
Root WebApplicationContext: initialization completed in 2239 ms
Mapping servlet: 'dispatcherServlet' to [/]
Mapping filter: 'characterEncodingFilter' to: [/*]
Mapping filter: 'hiddenHttpMethodFilter' to: [/*]
Mapping filter: 'httpPutFormContentFilter' to: [/*]
Mapping filter: 'requestContextFilter' to: [/*]
Building JPA container EntityManagerFactory for persistence unit 'default'
HHH000204: Processing PersistenceUnitInfo [
	name: default
	...]
HHH000412: Hibernate Core {5.0.12.Final}
HHH000206: hibernate.properties not found
HHH000021: Bytecode provider name : javassist
HCANN000001: Hibernate Commons Annotations {5.0.1.Final}
HHH000400: Using dialect: org.hibernate.dialect.MySQL5Dialect
Initialized JPA EntityManagerFactory for persistence unit 'default'
Looking for @ControllerAdvice: org.springframework.boot.context.embedded.AnnotationConfigEmbeddedWebApplicationContext@1bb5a082: startup date [Tue Aug 11 21:03:27 PDT 2020]; root of context hierarchy
Mapped "{[/buyer/order/create],methods=[POST]}" onto public com.wechatorder.sell.VO.ResultVO<java.util.Map<java.lang.String, java.lang.String>> com.wechatorder.sell.controller.BuyerOrderController.create(com.wechatorder.sell.form.OrderForm,org.springframework.validation.BindingResult)
Mapped "{[/buyer/order/list],methods=[POST]}" onto public com.wechatorder.sell.VO.ResultVO<java.util.List<com.wechatorder.sell.dto.OrderDTO>> com.wechatorder.sell.controller.BuyerOrderController.list(java.lang.String,java.lang.Integer,java.lang.Integer)
Mapped "{[/buyer/order/cancel],methods=[POST]}" onto public com.wechatorder.sell.VO.ResultVO<com.wechatorder.sell.dto.OrderDTO> com.wechatorder.sell.controller.BuyerOrderController.cancel(java.lang.String,java.lang.String)
Mapped "{[/buyer/order/detail],methods=[POST]}" onto public com.wechatorder.sell.VO.ResultVO<com.wechatorder.sell.dto.OrderDTO> com.wechatorder.sell.controller.BuyerOrderController.detail(java.lang.String,java.lang.String)
Mapped "{[/buyer/product/list],methods=[GET]}" onto public com.wechatorder.sell.VO.ResultVO com.wechatorder.sell.controller.BuyerProductController.list()
Mapped "{[/pay/create],methods=[GET]}" onto public void com.wechatorder.sell.controller.PayController.create(java.lang.String,java.lang.String)
Mapped "{[/seller/order/list],methods=[GET]}" onto public org.springframework.web.servlet.ModelAndView com.wechatorder.sell.controller.SellerOrderController.list(java.lang.Integer,java.lang.Integer,java.util.Map<java.lang.String, java.lang.Object>)
Mapped "{[/wechat/userInfo],methods=[GET]}" onto public java.lang.String com.wechatorder.sell.controller.WeChatController.userInfo(java.lang.String,java.lang.String)
Mapped "{[/wechat/authorize],methods=[GET]}" onto public java.lang.String com.wechatorder.sell.controller.WeChatController.authorize(java.lang.String)
Mapped "{[/weixin/auth],methods=[GET]}" onto public void com.wechatorder.sell.controller.WeixinController.auth(java.lang.String)
Mapped "{[/error]}" onto public org.springframework.http.ResponseEntity<java.util.Map<java.lang.String, java.lang.Object>> org.springframework.boot.autoconfigure.web.BasicErrorController.error(javax.servlet.http.HttpServletRequest)
Mapped "{[/error],produces=[text/html]}" onto public org.springframework.web.servlet.ModelAndView org.springframework.boot.autoconfigure.web.BasicErrorController.errorHtml(javax.servlet.http.HttpServletRequest,javax.servlet.http.HttpServletResponse)
Mapped URL path [/webjars/**] onto handler of type [class org.springframework.web.servlet.resource.ResourceHttpRequestHandler]
Mapped URL path [/**] onto handler of type [class org.springframework.web.servlet.resource.ResourceHttpRequestHandler]
Mapped URL path [/**/favicon.ico] onto handler of type [class org.springframework.web.servlet.resource.ResourceHttpRequestHandler]
Registering beans for JMX exposure on startup
Initializing ProtocolHandler ["http-nio-8080"]
Starting ProtocolHandler ["http-nio-8080"]
Using a shared selector for servlet write/read
Tomcat started on port(s): 8080 (http)
Started SellApplication in 6.121 seconds (JVM running for 7.746)
Initializing Spring FrameworkServlet 'dispatcherServlet'
FrameworkServlet 'dispatcherServlet': initialization started
FrameworkServlet 'dispatcherServlet': initialization completed in 17 ms
HHH000397: Using ASTQueryTranslatorFactory
